<?xml version="1.0" encoding="UTF-8"?>
<testsuite xmlns:xsi="http://www.w3.org/2001/XMLSchema-instance" xsi:noNamespaceSchemaLocation="https://maven.apache.org/surefire/maven-surefire-plugin/xsd/surefire-test-report.xsd" name="serviceNow.serviceNow.Automation.TestRunner" time="264.737" tests="30" errors="2" skipped="1" failures="0">
  <properties>
[...]
</properties>
  <testcase name="Given Open &quot;chrome&quot; and launch URL" classname="| chrome |" time="0.002"/>
  <testcase name="Given Open &quot;chrome&quot; and launch URL" classname="| chrome |" time="0"/>
  <testcase name="Given Open &quot;chrome&quot; and launch URL" classname="| chrome |" time="0"/>
  <testcase name="And Authenticate the user" classname="| chrome |" time="0"/>
  <testcase name="And Authenticate the user" classname="| chrome |" time="0"/>
  <testcase name="And Authenticate the user" classname="| chrome |" time="0"/>
  <testcase name="When Navigate to platform page" classname="| chrome |" time="0"/>
  <testcase name="When Navigate to platform page" classname="| chrome |" time="0"/>
  <testcase name="When Navigate to platform page" classname="| chrome |" time="0"/>
  <testcase name="Then Verify inherited Roles" classname="| chrome |" time="0"/>
  <testcase name="Then Verify inherited Roles" classname="| chrome |" time="0"/>
  <testcase name="Then Verify inherited Roles" classname="| chrome |" time="0"/>
  <testcase name="| chrome |" classname="| chrome |" time="2.211"/>
  <testcase name="| chrome |" classname="| chrome |" time="2.114"/>
  <testcase name="| chrome |" classname="| chrome |" time="2.124"/>
  <testcase name="Given Open &quot;firefox&quot; and launch URL" classname="| firefox |" time="0"/>
  <testcase name="Given Open &quot;firefox&quot; and launch URL" classname="| firefox |" time="0"/>
  <testcase name="Given Open &quot;firefox&quot; and launch URL" classname="| firefox |" time="0"/>
  <testcase name="And Authenticate the user" classname="| firefox |" time="0"/>
  <testcase name="And Authenticate the user" classname="| firefox |" time="0"/>
  <testcase name="And Authenticate the user" classname="| firefox |" time="0"/>
  <testcase name="When Navigate to platform page" classname="| firefox |" time="0"/>
  <testcase name="When Navigate to platform page" classname="| firefox |" time="0.01">
    <error message="Unable to locate element: Roles&#10;For documentation on this error, please visit: http://seleniumhq.org/exceptions/no_such_element.html&#10;Build info: version: &apos;3.7.1&apos;, revision: &apos;8a0099a&apos;, time: &apos;2017-11-06T21:01:39.354Z&apos;&#10;System info: host: &apos;WALSNT81057&apos;, ip: &apos;10.155.29.124&apos;, os.name: &apos;Windows 8.1&apos;, os.arch: &apos;amd64&apos;, os.version: &apos;6.3&apos;, java.version: &apos;1.8.0_201&apos;&#10;Driver info: org.openqa.selenium.firefox.FirefoxDriver&#10;Capabilities {acceptInsecureCerts: true, browserName: firefox, browserVersion: 65.0, javascriptEnabled: true, moz:accessibilityChecks: false, moz:geckodriverVersion: 0.23.0, moz:headless: false, moz:processID: 9028, moz:profile: C:\Users\mohith.khare\AppDa..., moz:shutdownTimeout: 60000, moz:useNonSpecCompliantPointerOrigin: false, moz:webdriverClick: true, pageLoadStrategy: normal, platform: WINDOWS, platformName: WINDOWS, platformVersion: 6.3, rotatable: false, setWindowRect: true, strictFileInteractability: false, timeouts: {implicit: 0, pageLoad: 300000, script: 30000}, unhandledPromptBehavior: dismiss and notify}&#10;Session ID: 0b130a9f-5397-42ae-8c01-2ea23b21b7e9&#10;*** Element info: {Using=link text, value=Roles}" type="org.openqa.selenium.NoSuchElementException">org.openqa.selenium.NoSuchElementException: 
Unable to locate element: Roles
For documentation on this error, please visit: http://seleniumhq.org/exceptions/no_such_element.html
Build info: version: '3.7.1', revision: '8a0099a', time: '2017-11-06T21:01:39.354Z'
System info: host: 'WALSNT81057', ip: '10.155.29.124', os.name: 'Windows 8.1', os.arch: 'amd64', os.version: '6.3', java.version: '1.8.0_201'
Driver info: org.openqa.selenium.firefox.FirefoxDriver
Capabilities {acceptInsecureCerts: true, browserName: firefox, browserVersion: 65.0, javascriptEnabled: true, moz:accessibilityChecks: false, moz:geckodriverVersion: 0.23.0, moz:headless: false, moz:processID: 9028, moz:profile: C:\Users\mohith.khare\AppDa..., moz:shutdownTimeout: 60000, moz:useNonSpecCompliantPointerOrigin: false, moz:webdriverClick: true, pageLoadStrategy: normal, platform: WINDOWS, platformName: WINDOWS, platformVersion: 6.3, rotatable: false, setWindowRect: true, strictFileInteractability: false, timeouts: {implicit: 0, pageLoad: 300000, script: 30000}, unhandledPromptBehavior: dismiss and notify}
Session ID: 0b130a9f-5397-42ae-8c01-2ea23b21b7e9
*** Element info: {Using=link text, value=Roles}
</error>
    <system-err><![CDATA[JavaScript error: https://sainsburystest.service-now.com/scripts/js_includes_customer.jsx?v=12-20-2018_1717&lp=Wed_May_01_08_39_35_PDT_2019&c=21_384, line 1141: ReferenceError: angular is not defined
]]></system-err>
  </testcase>
  <testcase name="When Navigate to platform page" classname="| firefox |" time="0"/>
  <testcase name="Then Verify inherited Roles" classname="| firefox |" time="0"/>
  <testcase name="Then Verify inherited Roles" classname="| firefox |" time="0">
    <skipped/>
  </testcase>
  <testcase name="Then Verify inherited Roles" classname="| firefox |" time="0"/>
  <testcase name="| firefox |" classname="| firefox |" time="1.292"/>
  <testcase name="| firefox |" classname="| firefox |" time="0.011">
    <error message="Unable to locate element: Roles&#10;For documentation on this error, please visit: http://seleniumhq.org/exceptions/no_such_element.html&#10;Build info: version: &apos;3.7.1&apos;, revision: &apos;8a0099a&apos;, time: &apos;2017-11-06T21:01:39.354Z&apos;&#10;System info: host: &apos;WALSNT81057&apos;, ip: &apos;10.155.29.124&apos;, os.name: &apos;Windows 8.1&apos;, os.arch: &apos;amd64&apos;, os.version: &apos;6.3&apos;, java.version: &apos;1.8.0_201&apos;&#10;Driver info: org.openqa.selenium.firefox.FirefoxDriver&#10;Capabilities {acceptInsecureCerts: true, browserName: firefox, browserVersion: 65.0, javascriptEnabled: true, moz:accessibilityChecks: false, moz:geckodriverVersion: 0.23.0, moz:headless: false, moz:processID: 9028, moz:profile: C:\Users\mohith.khare\AppDa..., moz:shutdownTimeout: 60000, moz:useNonSpecCompliantPointerOrigin: false, moz:webdriverClick: true, pageLoadStrategy: normal, platform: WINDOWS, platformName: WINDOWS, platformVersion: 6.3, rotatable: false, setWindowRect: true, strictFileInteractability: false, timeouts: {implicit: 0, pageLoad: 300000, script: 30000}, unhandledPromptBehavior: dismiss and notify}&#10;Session ID: 0b130a9f-5397-42ae-8c01-2ea23b21b7e9&#10;*** Element info: {Using=link text, value=Roles}" type="org.openqa.selenium.NoSuchElementException">org.openqa.selenium.NoSuchElementException: 
Unable to locate element: Roles
For documentation on this error, please visit: http://seleniumhq.org/exceptions/no_such_element.html
Build info: version: '3.7.1', revision: '8a0099a', time: '2017-11-06T21:01:39.354Z'
System info: host: 'WALSNT81057', ip: '10.155.29.124', os.name: 'Windows 8.1', os.arch: 'amd64', os.version: '6.3', java.version: '1.8.0_201'
Driver info: org.openqa.selenium.firefox.FirefoxDriver
Capabilities {acceptInsecureCerts: true, browserName: firefox, browserVersion: 65.0, javascriptEnabled: true, moz:accessibilityChecks: false, moz:geckodriverVersion: 0.23.0, moz:headless: false, moz:processID: 9028, moz:profile: C:\Users\mohith.khare\AppDa..., moz:shutdownTimeout: 60000, moz:useNonSpecCompliantPointerOrigin: false, moz:webdriverClick: true, pageLoadStrategy: normal, platform: WINDOWS, platformName: WINDOWS, platformVersion: 6.3, rotatable: false, setWindowRect: true, strictFileInteractability: false, timeouts: {implicit: 0, pageLoad: 300000, script: 30000}, unhandledPromptBehavior: dismiss and notify}
Session ID: 0b130a9f-5397-42ae-8c01-2ea23b21b7e9
*** Element info: {Using=link text, value=Roles}
</error>
  </testcase>
  <testcase name="| firefox |" classname="| firefox |" time="1.188"/>
</testsuite>